{
  "RSpec": {
    "coverage": {
      "/home/supradipta/learn-docker/generate-product/app/helpers/application_helper.rb": {
        "lines": [
          null,
          null,
          1,
          1,
          2,
          2,
          null,
          1,
          1,
          2,
          null,
          1,
          null,
          1,
          null,
          null,
          1,
          2,
          null,
          2,
          null,
          2,
          null,
          0,
          null,
          2,
          2,
          1,
          null,
          null,
          1,
          null,
          null,
          1,
          2,
          null,
          null,
          1,
          null,
          2,
          null,
          null,
          null,
          null,
          null,
          null,
          null
        ]
      },
      "/home/supradipta/learn-docker/generate-product/app/services/product_service/import_products_service.rb": {
        "lines": [
          null,
          null,
          1,
          1,
          1,
          1,
          1,
          1,
          null,
          1,
          1,
          1,
          null,
          null,
          1,
          1,
          null,
          null,
          1,
          null,
          1,
          1,
          1,
          2,
          2,
          2,
          2,
          2,
          2,
          2,
          null,
          2,
          null,
          0,
          null,
          1,
          null,
          null,
          null
        ]
      },
      "/home/supradipta/learn-docker/generate-product/app/workers/import_product_worker.rb": {
        "lines": [
          null,
          null,
          1,
          1,
          1,
          null,
          1,
          0,
          null,
          null
        ]
      },
      "/home/supradipta/learn-docker/generate-product/app/models/product.rb": {
        "lines": [
          null,
          null,
          null,
          null,
          null,
          null,
          null,
          null,
          null,
          null,
          null,
          null,
          null,
          null,
          null,
          null,
          null,
          1,
          1,
          null,
          1,
          null
        ]
      },
      "/home/supradipta/learn-docker/generate-product/app/models/application_record.rb": {
        "lines": [
          null,
          null,
          1,
          1,
          null,
          1,
          null
        ]
      },
      "/home/supradipta/learn-docker/generate-product/app/controllers/api/v1/products_controller.rb": {
        "lines": [
          null,
          null,
          1,
          1,
          1,
          1,
          1,
          1,
          null,
          1,
          2,
          2,
          2,
          20,
          20,
          null,
          2,
          null,
          null,
          1,
          1,
          1,
          null,
          1,
          null,
          null,
          1,
          2,
          2,
          2,
          1,
          1,
          null,
          1,
          null,
          null,
          null,
          1,
          2,
          2,
          2,
          2,
          null,
          null,
          1,
          null,
          1,
          3,
          null,
          null,
          1,
          0,
          null,
          null,
          null,
          null
        ]
      },
      "/home/supradipta/learn-docker/generate-product/app/controllers/application_controller.rb": {
        "lines": [
          null,
          null,
          1,
          null
        ]
      },
      "/home/supradipta/learn-docker/generate-product/app/channels/application_cable/channel.rb": {
        "lines": [
          null,
          null,
          0,
          0,
          0,
          0
        ],
        "branches": {
        }
      },
      "/home/supradipta/learn-docker/generate-product/app/channels/application_cable/connection.rb": {
        "lines": [
          null,
          null,
          0,
          0,
          0,
          0
        ],
        "branches": {
        }
      },
      "/home/supradipta/learn-docker/generate-product/app/jobs/application_job.rb": {
        "lines": [
          null,
          null,
          0,
          null,
          null,
          null,
          null,
          null,
          0
        ],
        "branches": {
        }
      },
      "/home/supradipta/learn-docker/generate-product/app/mailers/application_mailer.rb": {
        "lines": [
          null,
          null,
          0,
          0,
          0,
          0
        ],
        "branches": {
        }
      },
      "/home/supradipta/learn-docker/generate-product/app/serializers/product_serializer.rb": {
        "lines": [
          null,
          null,
          0,
          0,
          0,
          null,
          0,
          0,
          0,
          0,
          0,
          0,
          0,
          0,
          0,
          0
        ],
        "branches": {
        }
      }
    },
    "timestamp": 1682154326
  }
}
